{"/Users/oluwasinmisolaakinrele/Documents/www/checkpoint-inv/inverted-index/spec/inverted-index-test.js":{"path":"/Users/oluwasinmisolaakinrele/Documents/www/checkpoint-inv/inverted-index/spec/inverted-index-test.js","s":{"1":1,"2":1,"3":1,"4":1,"5":1,"6":1,"7":1,"8":1,"9":1,"10":1,"11":1,"12":1,"13":1,"14":1,"15":1,"16":1,"17":1,"18":1,"19":1,"20":1,"21":1,"22":1,"23":1,"24":31,"25":1,"26":1,"27":1,"28":1,"29":1,"30":1,"31":1,"32":1,"33":1,"34":1,"35":1,"36":1,"37":1,"38":1,"39":1,"40":1,"41":1,"42":1,"43":1,"44":1,"45":1,"46":1,"47":1,"48":1,"49":1,"50":1,"51":1,"52":1},"b":{"1":[1,0]},"f":{},"fnMap":{},"statementMap":{"1":{"start":{"line":1,"column":0},"end":{"line":3,"column":1}},"2":{"start":{"line":2,"column":2},"end":{"line":2,"column":54}},"3":{"start":{"line":6,"column":0},"end":{"line":30,"column":2}},"4":{"start":{"line":31,"column":0},"end":{"line":107,"column":3}},"5":{"start":{"line":32,"column":1},"end":{"line":32,"column":35}},"6":{"start":{"line":33,"column":1},"end":{"line":33,"column":57}},"7":{"start":{"line":34,"column":4},"end":{"line":45,"column":7}},"8":{"start":{"line":35,"column":7},"end":{"line":38,"column":10}},"9":{"start":{"line":36,"column":10},"end":{"line":36,"column":62}},"10":{"start":{"line":37,"column":10},"end":{"line":37,"column":61}},"11":{"start":{"line":39,"column":7},"end":{"line":41,"column":10}},"12":{"start":{"line":40,"column":10},"end":{"line":40,"column":62}},"13":{"start":{"line":42,"column":8},"end":{"line":44,"column":10}},"14":{"start":{"line":43,"column":10},"end":{"line":43,"column":62}},"15":{"start":{"line":47,"column":4},"end":{"line":63,"column":7}},"16":{"start":{"line":49,"column":6},"end":{"line":49,"column":81}},"17":{"start":{"line":51,"column":7},"end":{"line":53,"column":10}},"18":{"start":{"line":52,"column":10},"end":{"line":52,"column":44}},"19":{"start":{"line":54,"column":7},"end":{"line":57,"column":10}},"20":{"start":{"line":55,"column":10},"end":{"line":55,"column":41}},"21":{"start":{"line":56,"column":10},"end":{"line":56,"column":39}},"22":{"start":{"line":58,"column":7},"end":{"line":62,"column":10}},"23":{"start":{"line":59,"column":10},"end":{"line":61,"column":11}},"24":{"start":{"line":60,"column":12},"end":{"line":60,"column":52}},"25":{"start":{"line":65,"column":4},"end":{"line":96,"column":7}},"26":{"start":{"line":66,"column":8},"end":{"line":66,"column":65}},"27":{"start":{"line":67,"column":9},"end":{"line":69,"column":12}},"28":{"start":{"line":68,"column":11},"end":{"line":68,"column":66}},"29":{"start":{"line":70,"column":9},"end":{"line":70,"column":82}},"30":{"start":{"line":71,"column":9},"end":{"line":74,"column":12}},"31":{"start":{"line":72,"column":10},"end":{"line":72,"column":68}},"32":{"start":{"line":73,"column":10},"end":{"line":73,"column":66}},"33":{"start":{"line":76,"column":8},"end":{"line":76,"column":81}},"34":{"start":{"line":77,"column":8},"end":{"line":81,"column":11}},"35":{"start":{"line":78,"column":10},"end":{"line":78,"column":65}},"36":{"start":{"line":79,"column":10},"end":{"line":79,"column":66}},"37":{"start":{"line":80,"column":10},"end":{"line":80,"column":65}},"38":{"start":{"line":83,"column":8},"end":{"line":89,"column":11}},"39":{"start":{"line":84,"column":10},"end":{"line":84,"column":33}},"40":{"start":{"line":85,"column":10},"end":{"line":85,"column":83}},"41":{"start":{"line":86,"column":10},"end":{"line":86,"column":31}},"42":{"start":{"line":87,"column":10},"end":{"line":87,"column":37}},"43":{"start":{"line":88,"column":10},"end":{"line":88,"column":43}},"44":{"start":{"line":90,"column":8},"end":{"line":95,"column":11}},"45":{"start":{"line":91,"column":11},"end":{"line":91,"column":71}},"46":{"start":{"line":92,"column":12},"end":{"line":92,"column":64}},"47":{"start":{"line":93,"column":12},"end":{"line":93,"column":65}},"48":{"start":{"line":94,"column":12},"end":{"line":94,"column":64}},"49":{"start":{"line":98,"column":4},"end":{"line":104,"column":7}},"50":{"start":{"line":99,"column":9},"end":{"line":102,"column":12}},"51":{"start":{"line":100,"column":11},"end":{"line":100,"column":53}},"52":{"start":{"line":101,"column":12},"end":{"line":101,"column":49}}},"branchMap":{"1":{"line":1,"type":"if","locations":[{"start":{"line":1,"column":0},"end":{"line":1,"column":0}},{"start":{"line":1,"column":0},"end":{"line":1,"column":0}}]}}},"/Users/oluwasinmisolaakinrele/Documents/www/checkpoint-inv/inverted-index/src/inverted-index.js":{"path":"/Users/oluwasinmisolaakinrele/Documents/www/checkpoint-inv/inverted-index/src/inverted-index.js","s":{"1":1,"2":1,"3":1,"4":6,"5":6,"6":6,"7":0,"8":6,"9":6,"10":12,"11":2,"12":6,"13":1,"14":6,"15":2,"16":2,"17":2,"18":4,"19":84,"20":6,"21":78,"22":2,"23":2,"24":0,"25":5,"26":5,"27":5,"28":5,"29":12,"30":12,"31":12,"32":5,"33":12,"34":1,"35":6,"36":6,"37":13,"38":13,"39":13,"40":6,"41":1,"42":1},"b":{"1":[0,6],"2":[2,10],"3":[12,10,10,10],"4":[1,5],"5":[6,6,6],"6":[2,0],"7":[6,78],"8":[84,22],"9":[4,1],"10":[12,0],"11":[13,0],"12":[1,12],"13":[1,0],"14":[1,1]},"f":{"1":1,"2":1,"3":6,"4":2,"5":5,"6":12,"7":6},"fnMap":{"1":{"name":"(anonymous_1)","line":2,"loc":{"start":{"line":2,"column":13},"end":{"line":2,"column":16}}},"2":{"name":"(anonymous_2)","line":7,"loc":{"start":{"line":7,"column":10},"end":{"line":7,"column":20}}},"3":{"name":"(anonymous_3)","line":11,"loc":{"start":{"line":11,"column":13},"end":{"line":11,"column":23}}},"4":{"name":"(anonymous_4)","line":34,"loc":{"start":{"line":34,"column":13},"end":{"line":34,"column":33}}},"5":{"name":"(anonymous_5)","line":56,"loc":{"start":{"line":56,"column":13},"end":{"line":56,"column":35}}},"6":{"name":"(anonymous_6)","line":71,"loc":{"start":{"line":71,"column":6},"end":{"line":71,"column":18}}},"7":{"name":"flatten","line":77,"loc":{"start":{"line":77,"column":26},"end":{"line":77,"column":44}}}},"statementMap":{"1":{"start":{"line":3,"column":3},"end":{"line":3,"column":21}},"2":{"start":{"line":4,"column":3},"end":{"line":4,"column":25}},"3":{"start":{"line":8,"column":4},"end":{"line":8,"column":34}},"4":{"start":{"line":12,"column":4},"end":{"line":12,"column":54}},"5":{"start":{"line":13,"column":4},"end":{"line":13,"column":41}},"6":{"start":{"line":14,"column":4},"end":{"line":16,"column":5}},"7":{"start":{"line":15,"column":5},"end":{"line":15,"column":45}},"8":{"start":{"line":18,"column":4},"end":{"line":18,"column":32}},"9":{"start":{"line":19,"column":4},"end":{"line":26,"column":7}},"10":{"start":{"line":20,"column":6},"end":{"line":25,"column":7}},"11":{"start":{"line":24,"column":8},"end":{"line":24,"column":33}},"12":{"start":{"line":27,"column":4},"end":{"line":29,"column":5}},"13":{"start":{"line":28,"column":6},"end":{"line":28,"column":58}},"14":{"start":{"line":31,"column":4},"end":{"line":31,"column":58}},"15":{"start":{"line":35,"column":4},"end":{"line":35,"column":19}},"16":{"start":{"line":36,"column":4},"end":{"line":52,"column":7}},"17":{"start":{"line":37,"column":6},"end":{"line":49,"column":8}},"18":{"start":{"line":38,"column":7},"end":{"line":48,"column":10}},"19":{"start":{"line":43,"column":9},"end":{"line":47,"column":10}},"20":{"start":{"line":44,"column":11},"end":{"line":44,"column":35}},"21":{"start":{"line":46,"column":11},"end":{"line":46,"column":33}},"22":{"start":{"line":50,"column":6},"end":{"line":50,"column":37}},"23":{"start":{"line":51,"column":5},"end":{"line":51,"column":18}},"24":{"start":{"line":53,"column":4},"end":{"line":53,"column":29}},"25":{"start":{"line":57,"column":2},"end":{"line":57,"column":73}},"26":{"start":{"line":58,"column":2},"end":{"line":58,"column":20}},"27":{"start":{"line":59,"column":2},"end":{"line":59,"column":37}},"28":{"start":{"line":61,"column":2},"end":{"line":67,"column":3}},"29":{"start":{"line":62,"column":4},"end":{"line":62,"column":28}},"30":{"start":{"line":63,"column":4},"end":{"line":66,"column":5}},"31":{"start":{"line":65,"column":6},"end":{"line":65,"column":64}},"32":{"start":{"line":68,"column":2},"end":{"line":68,"column":16}},"33":{"start":{"line":72,"column":2},"end":{"line":72,"column":68}},"34":{"start":{"line":77,"column":0},"end":{"line":84,"column":2}},"35":{"start":{"line":78,"column":3},"end":{"line":78,"column":17}},"36":{"start":{"line":79,"column":3},"end":{"line":82,"column":4}},"37":{"start":{"line":80,"column":7},"end":{"line":80,"column":110}},"38":{"start":{"line":81,"column":7},"end":{"line":81,"column":126}},"39":{"start":{"line":81,"column":19},"end":{"line":81,"column":124}},"40":{"start":{"line":83,"column":3},"end":{"line":83,"column":15}},"41":{"start":{"line":87,"column":0},"end":{"line":89,"column":1}},"42":{"start":{"line":88,"column":2},"end":{"line":88,"column":33}}},"branchMap":{"1":{"line":14,"type":"if","locations":[{"start":{"line":14,"column":4},"end":{"line":14,"column":4}},{"start":{"line":14,"column":4},"end":{"line":14,"column":4}}]},"2":{"line":20,"type":"if","locations":[{"start":{"line":20,"column":6},"end":{"line":20,"column":6}},{"start":{"line":20,"column":6},"end":{"line":20,"column":6}}]},"3":{"line":20,"type":"binary-expr","locations":[{"start":{"line":20,"column":10},"end":{"line":20,"column":21}},{"start":{"line":21,"column":10},"end":{"line":21,"column":40}},{"start":{"line":22,"column":10},"end":{"line":22,"column":20}},{"start":{"line":23,"column":10},"end":{"line":23,"column":39}}]},"4":{"line":27,"type":"if","locations":[{"start":{"line":27,"column":4},"end":{"line":27,"column":4}},{"start":{"line":27,"column":4},"end":{"line":27,"column":4}}]},"5":{"line":31,"type":"binary-expr","locations":[{"start":{"line":31,"column":11},"end":{"line":31,"column":23}},{"start":{"line":31,"column":27},"end":{"line":31,"column":37}},{"start":{"line":31,"column":41},"end":{"line":31,"column":57}}]},"6":{"line":36,"type":"if","locations":[{"start":{"line":36,"column":4},"end":{"line":36,"column":4}},{"start":{"line":36,"column":4},"end":{"line":36,"column":4}}]},"7":{"line":43,"type":"if","locations":[{"start":{"line":43,"column":9},"end":{"line":43,"column":9}},{"start":{"line":43,"column":9},"end":{"line":43,"column":9}}]},"8":{"line":43,"type":"binary-expr","locations":[{"start":{"line":43,"column":12},"end":{"line":43,"column":23}},{"start":{"line":43,"column":27},"end":{"line":43,"column":60}}]},"9":{"line":57,"type":"cond-expr","locations":[{"start":{"line":57,"column":32},"end":{"line":57,"column":44}},{"start":{"line":57,"column":47},"end":{"line":57,"column":72}}]},"10":{"line":72,"type":"cond-expr","locations":[{"start":{"line":72,"column":37},"end":{"line":72,"column":62}},{"start":{"line":72,"column":65},"end":{"line":72,"column":67}}]},"11":{"line":81,"type":"if","locations":[{"start":{"line":81,"column":7},"end":{"line":81,"column":7}},{"start":{"line":81,"column":7},"end":{"line":81,"column":7}}]},"12":{"line":81,"type":"cond-expr","locations":[{"start":{"line":81,"column":91},"end":{"line":81,"column":112}},{"start":{"line":81,"column":115},"end":{"line":81,"column":122}}]},"13":{"line":87,"type":"if","locations":[{"start":{"line":87,"column":0},"end":{"line":87,"column":0}},{"start":{"line":87,"column":0},"end":{"line":87,"column":0}}]},"14":{"line":87,"type":"binary-expr","locations":[{"start":{"line":87,"column":3},"end":{"line":87,"column":29}},{"start":{"line":87,"column":33},"end":{"line":87,"column":47}}]}}}}