{"/Users/oluwasinmisolaakinrele/Documents/www/checkpoint-inv-2/inverted-index/spec/inverted-index-test.js":{"path":"/Users/oluwasinmisolaakinrele/Documents/www/checkpoint-inv-2/inverted-index/spec/inverted-index-test.js","s":{"1":1,"2":1,"3":1,"4":1,"5":1,"6":1,"7":1,"8":1,"9":1,"10":1,"11":1,"12":1,"13":1,"14":1,"15":1,"16":1,"17":1,"18":1,"19":1,"20":1,"21":1,"22":1,"23":1,"24":1,"25":1,"26":1,"27":31,"28":1,"29":1,"30":1,"31":1,"32":1,"33":1,"34":1,"35":1,"36":1,"37":1,"38":1,"39":1,"40":1,"41":1,"42":1,"43":1,"44":1,"45":1,"46":1,"47":1,"48":1,"49":1,"50":1,"51":1,"52":1,"53":1,"54":1,"55":1,"56":1,"57":1,"58":1,"59":1,"60":1,"61":1},"b":{"1":[1,0]},"f":{},"fnMap":{},"statementMap":{"1":{"start":{"line":1,"column":0},"end":{"line":4,"column":1}},"2":{"start":{"line":3,"column":2},"end":{"line":3,"column":54}},"3":{"start":{"line":6,"column":0},"end":{"line":28,"column":2}},"4":{"start":{"line":30,"column":0},"end":{"line":117,"column":3}},"5":{"start":{"line":31,"column":2},"end":{"line":31,"column":36}},"6":{"start":{"line":32,"column":2},"end":{"line":32,"column":65}},"7":{"start":{"line":33,"column":2},"end":{"line":33,"column":50}},"8":{"start":{"line":34,"column":2},"end":{"line":47,"column":5}},"9":{"start":{"line":35,"column":4},"end":{"line":38,"column":7}},"10":{"start":{"line":36,"column":6},"end":{"line":36,"column":58}},"11":{"start":{"line":37,"column":6},"end":{"line":37,"column":57}},"12":{"start":{"line":39,"column":4},"end":{"line":41,"column":7}},"13":{"start":{"line":40,"column":6},"end":{"line":40,"column":58}},"14":{"start":{"line":42,"column":4},"end":{"line":46,"column":7}},"15":{"start":{"line":45,"column":6},"end":{"line":45,"column":58}},"16":{"start":{"line":49,"column":2},"end":{"line":73,"column":5}},"17":{"start":{"line":50,"column":4},"end":{"line":50,"column":40}},"18":{"start":{"line":51,"column":4},"end":{"line":54,"column":7}},"19":{"start":{"line":52,"column":6},"end":{"line":52,"column":44}},"20":{"start":{"line":53,"column":6},"end":{"line":53,"column":49}},"21":{"start":{"line":55,"column":4},"end":{"line":59,"column":7}},"22":{"start":{"line":56,"column":6},"end":{"line":56,"column":41}},"23":{"start":{"line":57,"column":6},"end":{"line":57,"column":40}},"24":{"start":{"line":58,"column":6},"end":{"line":58,"column":41}},"25":{"start":{"line":60,"column":4},"end":{"line":65,"column":7}},"26":{"start":{"line":62,"column":6},"end":{"line":64,"column":9}},"27":{"start":{"line":63,"column":8},"end":{"line":63,"column":42}},"28":{"start":{"line":67,"column":4},"end":{"line":72,"column":7}},"29":{"start":{"line":68,"column":6},"end":{"line":68,"column":69}},"30":{"start":{"line":69,"column":6},"end":{"line":69,"column":71}},"31":{"start":{"line":70,"column":6},"end":{"line":70,"column":64}},"32":{"start":{"line":71,"column":6},"end":{"line":71,"column":66}},"33":{"start":{"line":75,"column":2},"end":{"line":107,"column":5}},"34":{"start":{"line":76,"column":4},"end":{"line":76,"column":64}},"35":{"start":{"line":77,"column":4},"end":{"line":79,"column":7}},"36":{"start":{"line":78,"column":6},"end":{"line":78,"column":59}},"37":{"start":{"line":80,"column":4},"end":{"line":80,"column":80}},"38":{"start":{"line":81,"column":4},"end":{"line":84,"column":7}},"39":{"start":{"line":82,"column":6},"end":{"line":82,"column":61}},"40":{"start":{"line":83,"column":6},"end":{"line":83,"column":59}},"41":{"start":{"line":85,"column":4},"end":{"line":86,"column":57}},"42":{"start":{"line":87,"column":4},"end":{"line":92,"column":7}},"43":{"start":{"line":89,"column":6},"end":{"line":89,"column":58}},"44":{"start":{"line":90,"column":6},"end":{"line":90,"column":59}},"45":{"start":{"line":91,"column":6},"end":{"line":91,"column":58}},"46":{"start":{"line":93,"column":4},"end":{"line":99,"column":7}},"47":{"start":{"line":94,"column":6},"end":{"line":94,"column":31}},"48":{"start":{"line":95,"column":6},"end":{"line":95,"column":63}},"49":{"start":{"line":96,"column":6},"end":{"line":96,"column":29}},"50":{"start":{"line":97,"column":6},"end":{"line":97,"column":32}},"51":{"start":{"line":98,"column":6},"end":{"line":98,"column":38}},"52":{"start":{"line":100,"column":4},"end":{"line":106,"column":7}},"53":{"start":{"line":102,"column":6},"end":{"line":102,"column":70}},"54":{"start":{"line":103,"column":6},"end":{"line":103,"column":55}},"55":{"start":{"line":104,"column":6},"end":{"line":104,"column":56}},"56":{"start":{"line":105,"column":6},"end":{"line":105,"column":55}},"57":{"start":{"line":109,"column":2},"end":{"line":116,"column":5}},"58":{"start":{"line":110,"column":4},"end":{"line":115,"column":7}},"59":{"start":{"line":112,"column":6},"end":{"line":112,"column":50}},"60":{"start":{"line":113,"column":6},"end":{"line":113,"column":48}},"61":{"start":{"line":114,"column":6},"end":{"line":114,"column":43}}},"branchMap":{"1":{"line":1,"type":"if","locations":[{"start":{"line":1,"column":0},"end":{"line":1,"column":0}},{"start":{"line":1,"column":0},"end":{"line":1,"column":0}}]}}},"/Users/oluwasinmisolaakinrele/Documents/www/checkpoint-inv-2/inverted-index/src/inverted-index.js":{"path":"/Users/oluwasinmisolaakinrele/Documents/www/checkpoint-inv-2/inverted-index/src/inverted-index.js","s":{"1":1,"2":1,"3":1,"4":6,"5":6,"6":6,"7":0,"8":6,"9":6,"10":12,"11":2,"12":6,"13":1,"14":6,"15":2,"16":2,"17":2,"18":4,"19":55,"20":3,"21":52,"22":2,"23":2,"24":0,"25":5,"26":4,"27":0,"28":5,"29":5,"30":5,"31":5,"32":12,"33":12,"34":15,"35":5,"36":15,"37":4,"38":4,"39":4,"40":0,"41":4,"42":1,"43":5,"44":12,"45":1,"46":4,"47":1,"48":1},"b":{"1":[0,6],"2":[2,10],"3":[12,10,10,10],"4":[1,5],"5":[6,6,6],"6":[2,0],"7":[3,52],"8":[55,12],"9":[4,1],"10":[0,4],"11":[5,1],"12":[12,3],"13":[0,4],"14":[1,0],"15":[1,1]},"f":{"1":1,"2":1,"3":6,"4":2,"5":5,"6":15,"7":4,"8":5,"9":4},"fnMap":{"1":{"name":"(anonymous_1)","line":8,"loc":{"start":{"line":8,"column":13},"end":{"line":8,"column":16}}},"2":{"name":"(anonymous_2)","line":19,"loc":{"start":{"line":19,"column":10},"end":{"line":19,"column":21}}},"3":{"name":"(anonymous_3)","line":30,"loc":{"start":{"line":30,"column":13},"end":{"line":30,"column":24}}},"4":{"name":"(anonymous_4)","line":61,"loc":{"start":{"line":61,"column":13},"end":{"line":61,"column":34}}},"5":{"name":"(anonymous_5)","line":88,"loc":{"start":{"line":88,"column":13},"end":{"line":88,"column":35}}},"6":{"name":"(anonymous_6)","line":118,"loc":{"start":{"line":118,"column":8},"end":{"line":118,"column":22}}},"7":{"name":"(anonymous_7)","line":129,"loc":{"start":{"line":129,"column":19},"end":{"line":129,"column":31}}},"8":{"name":"flatten","line":140,"loc":{"start":{"line":140,"column":26},"end":{"line":140,"column":45}}},"9":{"name":"cleanDoc","line":145,"loc":{"start":{"line":145,"column":28},"end":{"line":145,"column":48}}}},"statementMap":{"1":{"start":{"line":9,"column":4},"end":{"line":9,"column":22}},"2":{"start":{"line":10,"column":4},"end":{"line":10,"column":27}},"3":{"start":{"line":20,"column":4},"end":{"line":20,"column":34}},"4":{"start":{"line":31,"column":4},"end":{"line":31,"column":56}},"5":{"start":{"line":32,"column":4},"end":{"line":32,"column":43}},"6":{"start":{"line":33,"column":4},"end":{"line":35,"column":5}},"7":{"start":{"line":34,"column":6},"end":{"line":34,"column":46}},"8":{"start":{"line":36,"column":4},"end":{"line":36,"column":32}},"9":{"start":{"line":37,"column":4},"end":{"line":44,"column":7}},"10":{"start":{"line":38,"column":6},"end":{"line":43,"column":7}},"11":{"start":{"line":42,"column":8},"end":{"line":42,"column":33}},"12":{"start":{"line":45,"column":4},"end":{"line":47,"column":5}},"13":{"start":{"line":46,"column":6},"end":{"line":46,"column":58}},"14":{"start":{"line":49,"column":4},"end":{"line":49,"column":58}},"15":{"start":{"line":62,"column":4},"end":{"line":62,"column":21}},"16":{"start":{"line":63,"column":4},"end":{"line":77,"column":5}},"17":{"start":{"line":64,"column":6},"end":{"line":74,"column":9}},"18":{"start":{"line":65,"column":8},"end":{"line":73,"column":13}},"19":{"start":{"line":68,"column":12},"end":{"line":72,"column":13}},"20":{"start":{"line":69,"column":14},"end":{"line":69,"column":41}},"21":{"start":{"line":71,"column":14},"end":{"line":71,"column":39}},"22":{"start":{"line":75,"column":6},"end":{"line":75,"column":37}},"23":{"start":{"line":76,"column":6},"end":{"line":76,"column":19}},"24":{"start":{"line":78,"column":4},"end":{"line":78,"column":29}},"25":{"start":{"line":89,"column":4},"end":{"line":93,"column":5}},"26":{"start":{"line":90,"column":6},"end":{"line":92,"column":7}},"27":{"start":{"line":91,"column":8},"end":{"line":91,"column":41}},"28":{"start":{"line":94,"column":4},"end":{"line":94,"column":55}},"29":{"start":{"line":95,"column":4},"end":{"line":95,"column":22}},"30":{"start":{"line":96,"column":4},"end":{"line":96,"column":40}},"31":{"start":{"line":99,"column":4},"end":{"line":105,"column":5}},"32":{"start":{"line":100,"column":6},"end":{"line":100,"column":30}},"33":{"start":{"line":102,"column":6},"end":{"line":104,"column":7}},"34":{"start":{"line":103,"column":8},"end":{"line":103,"column":67}},"35":{"start":{"line":106,"column":4},"end":{"line":106,"column":18}},"36":{"start":{"line":119,"column":4},"end":{"line":119,"column":70}},"37":{"start":{"line":130,"column":4},"end":{"line":130,"column":22}},"38":{"start":{"line":131,"column":4},"end":{"line":135,"column":7}},"39":{"start":{"line":132,"column":6},"end":{"line":134,"column":7}},"40":{"start":{"line":133,"column":8},"end":{"line":133,"column":23}},"41":{"start":{"line":136,"column":4},"end":{"line":136,"column":18}},"42":{"start":{"line":140,"column":0},"end":{"line":143,"column":2}},"43":{"start":{"line":141,"column":2},"end":{"line":142,"column":24}},"44":{"start":{"line":142,"column":4},"end":{"line":142,"column":22}},"45":{"start":{"line":145,"column":0},"end":{"line":149,"column":2}},"46":{"start":{"line":146,"column":2},"end":{"line":148,"column":16}},"47":{"start":{"line":150,"column":0},"end":{"line":152,"column":1}},"48":{"start":{"line":151,"column":2},"end":{"line":151,"column":33}}},"branchMap":{"1":{"line":33,"type":"if","locations":[{"start":{"line":33,"column":4},"end":{"line":33,"column":4}},{"start":{"line":33,"column":4},"end":{"line":33,"column":4}}]},"2":{"line":38,"type":"if","locations":[{"start":{"line":38,"column":6},"end":{"line":38,"column":6}},{"start":{"line":38,"column":6},"end":{"line":38,"column":6}}]},"3":{"line":38,"type":"binary-expr","locations":[{"start":{"line":38,"column":10},"end":{"line":38,"column":21}},{"start":{"line":39,"column":8},"end":{"line":39,"column":38}},{"start":{"line":40,"column":8},"end":{"line":40,"column":18}},{"start":{"line":41,"column":8},"end":{"line":41,"column":37}}]},"4":{"line":45,"type":"if","locations":[{"start":{"line":45,"column":4},"end":{"line":45,"column":4}},{"start":{"line":45,"column":4},"end":{"line":45,"column":4}}]},"5":{"line":49,"type":"binary-expr","locations":[{"start":{"line":49,"column":11},"end":{"line":49,"column":23}},{"start":{"line":49,"column":27},"end":{"line":49,"column":37}},{"start":{"line":49,"column":41},"end":{"line":49,"column":57}}]},"6":{"line":63,"type":"if","locations":[{"start":{"line":63,"column":4},"end":{"line":63,"column":4}},{"start":{"line":63,"column":4},"end":{"line":63,"column":4}}]},"7":{"line":68,"type":"if","locations":[{"start":{"line":68,"column":12},"end":{"line":68,"column":12}},{"start":{"line":68,"column":12},"end":{"line":68,"column":12}}]},"8":{"line":68,"type":"binary-expr","locations":[{"start":{"line":68,"column":16},"end":{"line":68,"column":27}},{"start":{"line":68,"column":31},"end":{"line":68,"column":67}}]},"9":{"line":89,"type":"if","locations":[{"start":{"line":89,"column":4},"end":{"line":89,"column":4}},{"start":{"line":89,"column":4},"end":{"line":89,"column":4}}]},"10":{"line":90,"type":"if","locations":[{"start":{"line":90,"column":6},"end":{"line":90,"column":6}},{"start":{"line":90,"column":6},"end":{"line":90,"column":6}}]},"11":{"line":94,"type":"binary-expr","locations":[{"start":{"line":94,"column":16},"end":{"line":94,"column":25}},{"start":{"line":94,"column":29},"end":{"line":94,"column":54}}]},"12":{"line":119,"type":"cond-expr","locations":[{"start":{"line":119,"column":39},"end":{"line":119,"column":64}},{"start":{"line":119,"column":67},"end":{"line":119,"column":69}}]},"13":{"line":132,"type":"if","locations":[{"start":{"line":132,"column":6},"end":{"line":132,"column":6}},{"start":{"line":132,"column":6},"end":{"line":132,"column":6}}]},"14":{"line":150,"type":"if","locations":[{"start":{"line":150,"column":0},"end":{"line":150,"column":0}},{"start":{"line":150,"column":0},"end":{"line":150,"column":0}}]},"15":{"line":150,"type":"binary-expr","locations":[{"start":{"line":150,"column":4},"end":{"line":150,"column":30}},{"start":{"line":150,"column":34},"end":{"line":150,"column":48}}]}}}}