TN:
SF:/Users/oluwasinmisolaakinrele/Documents/www/checkpoint-inv/inverted-index-2/spec/inverted-index-test.js
FNF:0
FNH:0
DA:1,1
DA:2,1
DA:6,1
DA:31,1
DA:32,1
DA:33,1
DA:34,1
DA:35,1
DA:36,1
DA:37,1
DA:39,1
DA:40,1
DA:42,1
DA:43,1
DA:47,1
DA:49,1
DA:51,1
DA:52,1
DA:54,1
DA:55,1
DA:56,1
DA:58,1
DA:59,1
DA:60,31
DA:65,1
DA:66,1
DA:67,1
DA:68,1
DA:70,1
DA:71,1
DA:72,1
DA:73,1
DA:76,1
DA:77,1
DA:78,1
DA:79,1
DA:80,1
DA:83,1
DA:84,1
DA:85,1
DA:86,1
DA:87,1
DA:88,1
DA:90,1
DA:91,1
DA:92,1
DA:93,1
DA:94,1
DA:98,1
DA:99,1
DA:100,1
DA:101,1
LF:52
LH:52
BRDA:1,1,0,1
BRDA:1,1,1,0
BRF:2
BRH:1
end_of_record
TN:
SF:/Users/oluwasinmisolaakinrele/Documents/www/checkpoint-inv/inverted-index-2/src/inverted-index.js
FN:2,(anonymous_1)
FN:7,(anonymous_2)
FN:11,(anonymous_3)
FN:34,(anonymous_4)
FN:56,(anonymous_5)
FN:71,(anonymous_6)
FN:77,flatten
FNF:7
FNH:7
FNDA:1,(anonymous_1)
FNDA:1,(anonymous_2)
FNDA:6,(anonymous_3)
FNDA:2,(anonymous_4)
FNDA:5,(anonymous_5)
FNDA:12,(anonymous_6)
FNDA:6,flatten
DA:3,1
DA:4,1
DA:8,1
DA:12,6
DA:13,6
DA:14,6
DA:15,0
DA:18,6
DA:19,6
DA:20,12
DA:24,2
DA:27,6
DA:28,1
DA:31,6
DA:35,2
DA:36,2
DA:37,2
DA:38,4
DA:43,84
DA:44,6
DA:46,78
DA:50,2
DA:51,2
DA:53,0
DA:57,5
DA:58,5
DA:59,5
DA:61,5
DA:62,12
DA:63,12
DA:65,12
DA:68,5
DA:72,12
DA:77,1
DA:78,6
DA:79,6
DA:80,13
DA:81,13
DA:83,6
DA:87,1
DA:88,1
LF:41
LH:39
BRDA:14,1,0,0
BRDA:14,1,1,6
BRDA:20,2,0,2
BRDA:20,2,1,10
BRDA:20,3,0,12
BRDA:20,3,1,10
BRDA:20,3,2,10
BRDA:20,3,3,10
BRDA:27,4,0,1
BRDA:27,4,1,5
BRDA:31,5,0,6
BRDA:31,5,1,6
BRDA:31,5,2,6
BRDA:36,6,0,2
BRDA:36,6,1,0
BRDA:43,7,0,6
BRDA:43,7,1,78
BRDA:43,8,0,84
BRDA:43,8,1,22
BRDA:57,9,0,4
BRDA:57,9,1,1
BRDA:72,10,0,12
BRDA:72,10,1,0
BRDA:81,11,0,13
BRDA:81,11,1,0
BRDA:81,12,0,1
BRDA:81,12,1,12
BRDA:87,13,0,1
BRDA:87,13,1,0
BRDA:87,14,0,1
BRDA:87,14,1,1
BRF:31
BRH:26
end_of_record
