TN:
SF:/Users/oluwasinmisolaakinrele/Documents/www/checkpoint-inv-2/inverted-index/spec/inverted-index-test.js
FNF:0
FNH:0
DA:1,1
DA:3,1
DA:6,1
DA:30,1
DA:31,1
DA:32,1
DA:33,1
DA:34,1
DA:35,1
DA:36,1
DA:37,1
DA:39,1
DA:40,1
DA:42,1
DA:45,1
DA:49,1
DA:50,1
DA:51,1
DA:52,1
DA:53,1
DA:55,1
DA:56,1
DA:57,1
DA:58,1
DA:60,1
DA:62,1
DA:63,31
DA:67,1
DA:68,1
DA:69,1
DA:70,1
DA:71,1
DA:75,1
DA:76,1
DA:77,1
DA:78,1
DA:80,1
DA:81,1
DA:82,1
DA:83,1
DA:85,1
DA:87,1
DA:89,1
DA:90,1
DA:91,1
DA:93,1
DA:94,1
DA:95,1
DA:96,1
DA:97,1
DA:98,1
DA:100,1
DA:102,1
DA:103,1
DA:104,1
DA:105,1
DA:109,1
DA:110,1
DA:112,1
DA:113,1
DA:114,1
LF:61
LH:61
BRDA:1,1,0,1
BRDA:1,1,1,0
BRF:2
BRH:1
end_of_record
TN:
SF:/Users/oluwasinmisolaakinrele/Documents/www/checkpoint-inv-2/inverted-index/src/inverted-index.js
FN:8,(anonymous_1)
FN:19,(anonymous_2)
FN:30,(anonymous_3)
FN:61,(anonymous_4)
FN:88,(anonymous_5)
FN:118,(anonymous_6)
FN:129,(anonymous_7)
FN:140,flatten
FN:145,cleanDoc
FNF:9
FNH:9
FNDA:1,(anonymous_1)
FNDA:1,(anonymous_2)
FNDA:6,(anonymous_3)
FNDA:2,(anonymous_4)
FNDA:5,(anonymous_5)
FNDA:15,(anonymous_6)
FNDA:4,(anonymous_7)
FNDA:5,flatten
FNDA:4,cleanDoc
DA:9,1
DA:10,1
DA:20,1
DA:31,6
DA:32,6
DA:33,6
DA:34,0
DA:36,6
DA:37,6
DA:38,12
DA:42,2
DA:45,6
DA:46,1
DA:49,6
DA:62,2
DA:63,2
DA:64,2
DA:65,4
DA:68,55
DA:69,3
DA:71,52
DA:75,2
DA:76,2
DA:78,0
DA:89,5
DA:90,4
DA:91,0
DA:94,5
DA:95,5
DA:96,5
DA:99,5
DA:100,12
DA:102,12
DA:103,15
DA:106,5
DA:119,15
DA:130,4
DA:131,4
DA:132,4
DA:133,0
DA:136,4
DA:140,1
DA:141,5
DA:142,12
DA:145,1
DA:146,4
DA:150,1
DA:151,1
LF:48
LH:44
BRDA:33,1,0,0
BRDA:33,1,1,6
BRDA:38,2,0,2
BRDA:38,2,1,10
BRDA:38,3,0,12
BRDA:38,3,1,10
BRDA:38,3,2,10
BRDA:38,3,3,10
BRDA:45,4,0,1
BRDA:45,4,1,5
BRDA:49,5,0,6
BRDA:49,5,1,6
BRDA:49,5,2,6
BRDA:63,6,0,2
BRDA:63,6,1,0
BRDA:68,7,0,3
BRDA:68,7,1,52
BRDA:68,8,0,55
BRDA:68,8,1,12
BRDA:89,9,0,4
BRDA:89,9,1,1
BRDA:90,10,0,0
BRDA:90,10,1,4
BRDA:94,11,0,5
BRDA:94,11,1,1
BRDA:119,12,0,12
BRDA:119,12,1,3
BRDA:132,13,0,0
BRDA:132,13,1,4
BRDA:150,14,0,1
BRDA:150,14,1,0
BRDA:150,15,0,1
BRDA:150,15,1,1
BRF:33
BRH:28
end_of_record
